This file contains any messages produced by compilers while
running configure, to aid debugging if configure makes a mistake.

It was created by vcftools configure 0.1.16, which was
generated by GNU Autoconf 2.69.  Invocation command line was

  $ ./configure 

## --------- ##
## Platform. ##
## --------- ##

hostname = 10d1edf6bfe4
uname -m = aarch64
uname -r = 5.10.104-linuxkit
uname -s = Linux
uname -v = #1 SMP PREEMPT Thu Mar 17 17:05:54 UTC 2022

/usr/bin/uname -p = aarch64
/bin/uname -X     = unknown

/bin/arch              = aarch64
/usr/bin/arch -k       = unknown
/usr/convex/getsysinfo = unknown
/usr/bin/hostinfo      = unknown
/bin/machine           = unknown
/usr/bin/oslevel       = unknown
/bin/universe          = unknown

PATH: /usr/local/sbin
PATH: /usr/local/bin
PATH: /usr/sbin
PATH: /usr/bin
PATH: /sbin
PATH: /bin


## ----------- ##
## Core tests. ##
## ----------- ##

configure:2455: checking for a BSD-compatible install
configure:2523: result: /usr/bin/install -c
configure:2534: checking whether build environment is sane
configure:2589: result: yes
configure:2740: checking for a thread-safe mkdir -p
configure:2779: result: /usr/bin/mkdir -p
configure:2786: checking for gawk
configure:2816: result: no
configure:2786: checking for mawk
configure:2802: found /usr/bin/mawk
configure:2813: result: mawk
configure:2824: checking whether make sets $(MAKE)
configure:2850: result: no
configure:2875: checking whether make supports nested variables
configure:2892: result: no
configure:3078: checking for g++
configure:3108: result: no
configure:3078: checking for c++
configure:3108: result: no
configure:3078: checking for gpp
configure:3108: result: no
configure:3078: checking for aCC
configure:3108: result: no
configure:3078: checking for CC
configure:3108: result: no
configure:3078: checking for cxx
configure:3108: result: no
configure:3078: checking for cc++
configure:3108: result: no
configure:3078: checking for cl.exe
configure:3108: result: no
configure:3078: checking for FCC
configure:3108: result: no
configure:3078: checking for KCC
configure:3108: result: no
configure:3078: checking for RCC
configure:3108: result: no
configure:3078: checking for xlC_r
configure:3108: result: no
configure:3078: checking for xlC
configure:3108: result: no
configure:3132: checking for C++ compiler version
configure:3141: g++ --version >&5
./configure: line 3143: g++: command not found
configure:3152: $? = 127
configure:3141: g++ -v >&5
./configure: line 3143: g++: command not found
configure:3152: $? = 127
configure:3141: g++ -V >&5
./configure: line 3143: g++: command not found
configure:3152: $? = 127
configure:3141: g++ -qversion >&5
./configure: line 3143: g++: command not found
configure:3152: $? = 127
configure:3172: checking whether the C++ compiler works
configure:3194: g++    conftest.cpp  >&5
./configure: line 3196: g++: command not found
configure:3198: $? = 127
configure:3236: result: no
configure: failed program was:
| /* confdefs.h */
| #define PACKAGE_NAME "vcftools"
| #define PACKAGE_TARNAME "vcftools"
| #define PACKAGE_VERSION "0.1.16"
| #define PACKAGE_STRING "vcftools 0.1.16"
| #define PACKAGE_BUGREPORT "https://github.com/vcftools/vcftools/issues"
| #define PACKAGE_URL ""
| #define PACKAGE "vcftools"
| #define VERSION "0.1.16"
| /* end confdefs.h.  */
| 
| int
| main ()
| {
| 
|   ;
|   return 0;
| }
configure:3241: error: in `/tmp':
configure:3243: error: C++ compiler cannot create executables
See `config.log' for more details

## ---------------- ##
## Cache variables. ##
## ---------------- ##

ac_cv_env_CCC_set=
ac_cv_env_CCC_value=
ac_cv_env_CC_set=
ac_cv_env_CC_value=
ac_cv_env_CFLAGS_set=
ac_cv_env_CFLAGS_value=
ac_cv_env_CPPFLAGS_set=
ac_cv_env_CPPFLAGS_value=
ac_cv_env_CPP_set=
ac_cv_env_CPP_value=
ac_cv_env_CXXFLAGS_set=
ac_cv_env_CXXFLAGS_value=
ac_cv_env_CXX_set=
ac_cv_env_CXX_value=
ac_cv_env_LDFLAGS_set=
ac_cv_env_LDFLAGS_value=
ac_cv_env_LIBS_set=
ac_cv_env_LIBS_value=
ac_cv_env_PKG_CONFIG_LIBDIR_set=
ac_cv_env_PKG_CONFIG_LIBDIR_value=
ac_cv_env_PKG_CONFIG_PATH_set=
ac_cv_env_PKG_CONFIG_PATH_value=
ac_cv_env_PKG_CONFIG_set=
ac_cv_env_PKG_CONFIG_value=
ac_cv_env_ZLIB_CFLAGS_set=
ac_cv_env_ZLIB_CFLAGS_value=
ac_cv_env_ZLIB_LIBS_set=
ac_cv_env_ZLIB_LIBS_value=
ac_cv_env_build_alias_set=
ac_cv_env_build_alias_value=
ac_cv_env_host_alias_set=
ac_cv_env_host_alias_value=
ac_cv_env_target_alias_set=
ac_cv_env_target_alias_value=
ac_cv_path_install='/usr/bin/install -c'
ac_cv_path_mkdir=/usr/bin/mkdir
ac_cv_prog_AWK=mawk
ac_cv_prog_make_make_set=no
am_cv_make_support_nested_variables=no

## ----------------- ##
## Output variables. ##
## ----------------- ##

ACLOCAL='${SHELL} /tmp/missing aclocal-1.15'
AMDEPBACKSLASH=''
AMDEP_FALSE=''
AMDEP_TRUE=''
AMTAR='$${TAR-tar}'
AM_BACKSLASH='\'
AM_DEFAULT_V='1'
AM_DEFAULT_VERBOSITY='1'
AM_V='1'
AUTOCONF='${SHELL} /tmp/missing autoconf'
AUTOHEADER='${SHELL} /tmp/missing autoheader'
AUTOMAKE='${SHELL} /tmp/missing automake-1.15'
AWK='mawk'
CC=''
CCDEPMODE=''
CFLAGS=''
CPP=''
CPPFLAGS=''
CXX='g++'
CXXDEPMODE=''
CXXFLAGS=''
CYGPATH_W='echo'
DEFS=''
DEPDIR=''
ECHO_C=''
ECHO_N='-n'
ECHO_T=''
EGREP=''
EXEEXT=''
GREP=''
INSTALL_DATA='${INSTALL} -m 644'
INSTALL_PROGRAM='${INSTALL}'
INSTALL_SCRIPT='${INSTALL}'
INSTALL_STRIP_PROGRAM='$(install_sh) -c -s'
LDFLAGS=''
LIBOBJS=''
LIBS=''
LTLIBOBJS=''
MAKEINFO='${SHELL} /tmp/missing makeinfo'
MKDIR_P='/usr/bin/mkdir -p'
OBJEXT=''
PACKAGE='vcftools'
PACKAGE_BUGREPORT='https://github.com/vcftools/vcftools/issues'
PACKAGE_NAME='vcftools'
PACKAGE_STRING='vcftools 0.1.16'
PACKAGE_TARNAME='vcftools'
PACKAGE_URL=''
PACKAGE_VERSION='0.1.16'
PATH_SEPARATOR=':'
PERL=''
PKG_CONFIG=''
PKG_CONFIG_LIBDIR=''
PKG_CONFIG_PATH=''
PMDIR=''
SET_MAKE='MAKE=make'
SHELL='/bin/bash'
STRIP=''
VERSION='0.1.16'
ZLIB_CFLAGS=''
ZLIB_LIBS=''
ac_ct_CC=''
ac_ct_CXX=''
am__EXEEXT_FALSE=''
am__EXEEXT_TRUE=''
am__fastdepCC_FALSE=''
am__fastdepCC_TRUE=''
am__fastdepCXX_FALSE=''
am__fastdepCXX_TRUE=''
am__include=''
am__isrc=''
am__leading_dot='.'
am__nodep=''
am__quote=''
am__tar='$${TAR-tar} chof - "$$tardir"'
am__untar='$${TAR-tar} xf -'
bindir='${exec_prefix}/bin'
build_alias=''
datadir='${datarootdir}'
datarootdir='${prefix}/share'
docdir='${datarootdir}/doc/${PACKAGE_TARNAME}'
dvidir='${docdir}'
exec_prefix='NONE'
host_alias=''
htmldir='${docdir}'
includedir='${prefix}/include'
infodir='${datarootdir}/info'
install_sh='${SHELL} /tmp/install-sh'
libdir='${exec_prefix}/lib'
libexecdir='${exec_prefix}/libexec'
localedir='${datarootdir}/locale'
localstatedir='${prefix}/var'
mandir='${datarootdir}/man'
mkdir_p='$(MKDIR_P)'
oldincludedir='/usr/include'
pdfdir='${docdir}'
prefix='NONE'
program_transform_name='s,x,x,'
psdir='${docdir}'
sbindir='${exec_prefix}/sbin'
sharedstatedir='${prefix}/com'
sysconfdir='${prefix}/etc'
target_alias=''

## ----------- ##
## confdefs.h. ##
## ----------- ##

/* confdefs.h */
#define PACKAGE_NAME "vcftools"
#define PACKAGE_TARNAME "vcftools"
#define PACKAGE_VERSION "0.1.16"
#define PACKAGE_STRING "vcftools 0.1.16"
#define PACKAGE_BUGREPORT "https://github.com/vcftools/vcftools/issues"
#define PACKAGE_URL ""
#define PACKAGE "vcftools"
#define VERSION "0.1.16"

configure: exit 77
